Using pre-set license
Built from '2020.3/staging' branch; Version is '2020.3.5f1 (8095aa901b9b) revision 8426922'; Using compiler version '192528614'; Build Type 'Release'
OS: 'Windows 10 Pro; OS build 19041.928; Version 2004; 64bit' Language: 'en' Physical Memory: 16320 MB
BatchMode: 1, IsHumanControllingUs: 0, StartBugReporterOnCrash: 0, Is64bit: 1, IsPro: 0

 COMMAND LINE ARGUMENTS:
C:\Program Files\Unity\Hub\Editor\2020.3.5f1\Editor\Unity.exe
-adb2
-batchMode
-noUpm
-name
AssetImportWorker0
-projectPath
C:/Users/DOOM MACHINE/OneDrive/Projects/Doodle Game Repo/DoodleDuel
-logFile
Logs/AssetImportWorker0.log
-srvPort
49509
Successfully changed project path to: C:/Users/DOOM MACHINE/OneDrive/Projects/Doodle Game Repo/DoodleDuel
C:/Users/DOOM MACHINE/OneDrive/Projects/Doodle Game Repo/DoodleDuel
Using Asset Import Pipeline V2.
Refreshing native plugins compatible for Editor in 43.75 ms, found 1 plugins.
Preloading 0 native plugins for Editor in 0.00 ms.
Initialize engine version: 2020.3.5f1 (8095aa901b9b)
[Subsystems] Discovering subsystems at path C:/Program Files/Unity/Hub/Editor/2020.3.5f1/Editor/Data/Resources/UnitySubsystems
[Subsystems] Discovering subsystems at path C:/Users/DOOM MACHINE/OneDrive/Projects/Doodle Game Repo/DoodleDuel/Assets
GfxDevice: creating device client; threaded=0
Direct3D:
    Version:  Direct3D 11.0 [level 11.1]
    Renderer: NVIDIA GeForce GTX 1080 Ti (ID=0x1b06)
    Vendor:   
    VRAM:     11127 MB
    Driver:   27.21.14.6611
Initialize mono
Mono path[0] = 'C:/Program Files/Unity/Hub/Editor/2020.3.5f1/Editor/Data/Managed'
Mono path[1] = 'C:/Program Files/Unity/Hub/Editor/2020.3.5f1/Editor/Data/MonoBleedingEdge/lib/mono/unityjit'
Mono config path = 'C:/Program Files/Unity/Hub/Editor/2020.3.5f1/Editor/Data/MonoBleedingEdge/etc'
Using monoOptions --debugger-agent=transport=dt_socket,embedding=1,server=y,suspend=n,address=127.0.0.1:56860
Begin MonoManager ReloadAssembly
Registering precompiled unity dll's ...
Register platform support module: C:/Program Files/Unity/Hub/Editor/2020.3.5f1/Editor/Data/PlaybackEngines/WindowsStandaloneSupport/UnityEditor.WindowsStandalone.Extensions.dll
Registered in 0.003405 seconds.
Native extension for WindowsStandalone target not found
Refreshing native plugins compatible for Editor in 50.45 ms, found 1 plugins.
Preloading 0 native plugins for Editor in 0.00 ms.
Mono: successfully reloaded assembly
- Completed reload, in  1.420 seconds
Platform modules already initialized, skipping
Registering precompiled user dll's ...
Registered in 0.001307 seconds.
Begin MonoManager ReloadAssembly
Native extension for WindowsStandalone target not found
Refreshing native plugins compatible for Editor in 75.33 ms, found 1 plugins.
Preloading 0 native plugins for Editor in 0.00 ms.
Mono: successfully reloaded assembly
- Completed reload, in  1.296 seconds
Platform modules already initialized, skipping
========================================================================
Worker process is ready to serve import requests
Launched and connected shader compiler UnityShaderCompiler.exe after 0.08 seconds
Refreshing native plugins compatible for Editor in 0.75 ms, found 1 plugins.
Preloading 0 native plugins for Editor in 0.00 ms.
Unloading 1835 Unused Serialized files (Serialized files now loaded: 0)
System memory in use before: 89.4 MB.
System memory in use after: 89.5 MB.

Unloading 19 unused Assets to reduce memory usage. Loaded Objects now: 2284.
Total: 4.622500 ms (FindLiveObjects: 0.956000 ms CreateObjectMapping: 0.329800 ms MarkObjects: 3.244200 ms  DeleteObjects: 0.091100 ms)

========================================================================
Received Import Request.
  path: Assets/Audio
  artifactKey: Guid(01e7d0fc915a3ef439fab13785412e35) Importer(815301076,1909f56bfc062723c751e8b465ee728b)
Start importing Assets/Audio using Guid(01e7d0fc915a3ef439fab13785412e35) Importer(815301076,1909f56bfc062723c751e8b465ee728b)  -> (artifact id: 'fd0a7257573ef122d1fc80da080629f8') in 0.014384 seconds
  Import took 0.019118 seconds .

========================================================================
Received Import Request.
  Time since last request: 2.175747 seconds.
  path: Assets/Audio/Gramma
  artifactKey: Guid(32b0ffa75f4c9d7458f6201ee3620805) Importer(815301076,1909f56bfc062723c751e8b465ee728b)
Start importing Assets/Audio/Gramma using Guid(32b0ffa75f4c9d7458f6201ee3620805) Importer(815301076,1909f56bfc062723c751e8b465ee728b)  -> (artifact id: 'd2d4f61e682d1bb3833b2f484df3f3f8') in 0.010528 seconds
  Import took 0.017503 seconds .

========================================================================
Received Import Request.
  Time since last request: 168.474835 seconds.
  path: Assets/Audio/Gramma/gramma1620773521000-2973.aac
  artifactKey: Guid(08cc5c08e553a624f8251b2b0fe0a586) Importer(815301076,1909f56bfc062723c751e8b465ee728b)
Start importing Assets/Audio/Gramma/gramma1620773521000-2973.aac using Guid(08cc5c08e553a624f8251b2b0fe0a586) Importer(815301076,1909f56bfc062723c751e8b465ee728b)  -> (artifact id: '376f14109806b454fbde32be479a105c') in 0.087748 seconds
  Import took 0.095048 seconds .

========================================================================
Received Import Request.
  Time since last request: 275.133477 seconds.
  path: Assets/Audio/Gramma/gramma1620773504000-2880.mp3
  artifactKey: Guid(0a16aba423d0bf34e9e4033969e02ed0) Importer(815301076,1909f56bfc062723c751e8b465ee728b)
Start importing Assets/Audio/Gramma/gramma1620773504000-2880.mp3 using Guid(0a16aba423d0bf34e9e4033969e02ed0) Importer(815301076,1909f56bfc062723c751e8b465ee728b)  -> (artifact id: 'eec6a2ac237533c7d9e92ec79b405248') in 0.074632 seconds
  Import took 0.078455 seconds .

========================================================================
Received Import Request.
  Time since last request: 0.000208 seconds.
  path: Assets/Audio/Gramma/gramma1620773521000-2973.mp3
  artifactKey: Guid(d85de4283f3ac4e468dcb4f381325782) Importer(815301076,1909f56bfc062723c751e8b465ee728b)
Start importing Assets/Audio/Gramma/gramma1620773521000-2973.mp3 using Guid(d85de4283f3ac4e468dcb4f381325782) Importer(815301076,1909f56bfc062723c751e8b465ee728b)  -> (artifact id: '1211d176f13d9f0ece3ce54ae6527019') in 0.008070 seconds
  Import took 0.011582 seconds .

========================================================================
Received Import Request.
  Time since last request: 0.000204 seconds.
  path: Assets/Audio/Gramma/gramma1620773510000-3019.mp3
  artifactKey: Guid(97df62cba824ac845998fa02d825c9fa) Importer(815301076,1909f56bfc062723c751e8b465ee728b)
Start importing Assets/Audio/Gramma/gramma1620773510000-3019.mp3 using Guid(97df62cba824ac845998fa02d825c9fa) Importer(815301076,1909f56bfc062723c751e8b465ee728b)  -> (artifact id: 'a02e8ceffe8764358ea5a14cd3ce6dbc') in 0.007623 seconds
  Import took 0.011967 seconds .

========================================================================
Received Import Request.
  Time since last request: 0.000195 seconds.
  path: Assets/Audio/Gramma/gramma1620773516000-3460.mp3
  artifactKey: Guid(94e28119fbcbec84d8f44d62ad881eb9) Importer(815301076,1909f56bfc062723c751e8b465ee728b)
Start importing Assets/Audio/Gramma/gramma1620773516000-3460.mp3 using Guid(94e28119fbcbec84d8f44d62ad881eb9) Importer(815301076,1909f56bfc062723c751e8b465ee728b)  -> (artifact id: '4828dc393dbd6793122d16b51c150a39') in 0.008485 seconds
  Import took 0.011608 seconds .

========================================================================
Received Import Request.
  Time since last request: 388.734051 seconds.
  path: Assets/Audio/Gramma/shotgun.wav
  artifactKey: Guid(7b906df9a4948fe4c8e672331494b83c) Importer(815301076,1909f56bfc062723c751e8b465ee728b)
Start importing Assets/Audio/Gramma/shotgun.wav using Guid(7b906df9a4948fe4c8e672331494b83c) Importer(815301076,1909f56bfc062723c751e8b465ee728b)  -> (artifact id: '4be04ad7f9453a1dec0c37caa4628323') in 0.019488 seconds
  Import took 0.024783 seconds .

========================================================================
Received Prepare
Registering precompiled user dll's ...
Registered in 0.001512 seconds.
Begin MonoManager ReloadAssembly
Native extension for WindowsStandalone target not found
Refreshing native plugins compatible for Editor in 0.35 ms, found 1 plugins.
Preloading 0 native plugins for Editor in 0.00 ms.
Mono: successfully reloaded assembly
- Completed reload, in  1.097 seconds
Platform modules already initialized, skipping
Refreshing native plugins compatible for Editor in 0.45 ms, found 1 plugins.
Preloading 0 native plugins for Editor in 0.00 ms.
Unloading 1811 Unused Serialized files (Serialized files now loaded: 0)
System memory in use before: 90.6 MB.
System memory in use after: 90.7 MB.

Unloading 7 unused Assets to reduce memory usage. Loaded Objects now: 2297.
Total: 1.863500 ms (FindLiveObjects: 0.280800 ms CreateObjectMapping: 0.116000 ms MarkObjects: 1.450300 ms  DeleteObjects: 0.015200 ms)

========================================================================
Received Prepare
Registering precompiled user dll's ...
Registered in 0.001834 seconds.
Begin MonoManager ReloadAssembly
Native extension for WindowsStandalone target not found
Refreshing native plugins compatible for Editor in 0.53 ms, found 1 plugins.
Preloading 0 native plugins for Editor in 0.00 ms.
Mono: successfully reloaded assembly
- Completed reload, in  1.139 seconds
Platform modules already initialized, skipping
Refreshing native plugins compatible for Editor in 0.42 ms, found 1 plugins.
Preloading 0 native plugins for Editor in 0.00 ms.
Unloading 1811 Unused Serialized files (Serialized files now loaded: 0)
System memory in use before: 90.6 MB.
System memory in use after: 90.8 MB.

Unloading 7 unused Assets to reduce memory usage. Loaded Objects now: 2301.
Total: 2.687800 ms (FindLiveObjects: 0.255700 ms CreateObjectMapping: 0.122700 ms MarkObjects: 2.290800 ms  DeleteObjects: 0.017600 ms)

========================================================================
Received Prepare
Registering precompiled user dll's ...
Registered in 0.001820 seconds.
Begin MonoManager ReloadAssembly
Native extension for WindowsStandalone target not found
Refreshing native plugins compatible for Editor in 0.37 ms, found 1 plugins.
Preloading 0 native plugins for Editor in 0.00 ms.
Mono: successfully reloaded assembly
- Completed reload, in  1.051 seconds
Platform modules already initialized, skipping
Refreshing native plugins compatible for Editor in 0.59 ms, found 1 plugins.
Preloading 0 native plugins for Editor in 0.00 ms.
Unloading 1811 Unused Serialized files (Serialized files now loaded: 0)
System memory in use before: 90.7 MB.
System memory in use after: 90.8 MB.

Unloading 7 unused Assets to reduce memory usage. Loaded Objects now: 2305.
Total: 1.570900 ms (FindLiveObjects: 0.166200 ms CreateObjectMapping: 0.059000 ms MarkObjects: 1.331800 ms  DeleteObjects: 0.012700 ms)

========================================================================
Received Prepare
Registering precompiled user dll's ...
Registered in 0.001007 seconds.
Begin MonoManager ReloadAssembly
Native extension for WindowsStandalone target not found
Refreshing native plugins compatible for Editor in 1.25 ms, found 1 plugins.
Preloading 0 native plugins for Editor in 0.00 ms.
Mono: successfully reloaded assembly
- Completed reload, in  1.274 seconds
Platform modules already initialized, skipping
Refreshing native plugins compatible for Editor in 0.37 ms, found 1 plugins.
Preloading 0 native plugins for Editor in 0.00 ms.
Unloading 1811 Unused Serialized files (Serialized files now loaded: 0)
System memory in use before: 90.7 MB.
System memory in use after: 90.8 MB.

Unloading 7 unused Assets to reduce memory usage. Loaded Objects now: 2309.
Total: 3.012800 ms (FindLiveObjects: 0.359600 ms CreateObjectMapping: 0.111300 ms MarkObjects: 2.519500 ms  DeleteObjects: 0.021000 ms)

========================================================================
Received Prepare
Registering precompiled user dll's ...
Registered in 0.001422 seconds.
Begin MonoManager ReloadAssembly
Native extension for WindowsStandalone target not found
Refreshing native plugins compatible for Editor in 0.51 ms, found 1 plugins.
Preloading 0 native plugins for Editor in 0.00 ms.
Mono: successfully reloaded assembly
- Completed reload, in  1.755 seconds
Platform modules already initialized, skipping
Refreshing native plugins compatible for Editor in 0.79 ms, found 1 plugins.
Preloading 0 native plugins for Editor in 0.00 ms.
Unloading 1811 Unused Serialized files (Serialized files now loaded: 0)
System memory in use before: 90.7 MB.
System memory in use after: 90.8 MB.

Unloading 7 unused Assets to reduce memory usage. Loaded Objects now: 2313.
Total: 3.279700 ms (FindLiveObjects: 0.409800 ms CreateObjectMapping: 0.101100 ms MarkObjects: 2.746800 ms  DeleteObjects: 0.020600 ms)

========================================================================
Received Prepare
Registering precompiled user dll's ...
Registered in 0.001447 seconds.
Begin MonoManager ReloadAssembly
Native extension for WindowsStandalone target not found
Refreshing native plugins compatible for Editor in 0.61 ms, found 1 plugins.
Preloading 0 native plugins for Editor in 0.00 ms.
Mono: successfully reloaded assembly
- Completed reload, in  1.545 seconds
Platform modules already initialized, skipping
Refreshing native plugins compatible for Editor in 0.61 ms, found 1 plugins.
Preloading 0 native plugins for Editor in 0.00 ms.
Unloading 1811 Unused Serialized files (Serialized files now loaded: 0)
System memory in use before: 90.7 MB.
System memory in use after: 90.8 MB.

Unloading 7 unused Assets to reduce memory usage. Loaded Objects now: 2317.
Total: 3.468300 ms (FindLiveObjects: 0.674000 ms CreateObjectMapping: 0.177200 ms MarkObjects: 2.595500 ms  DeleteObjects: 0.020200 ms)

========================================================================
Received Prepare
Registering precompiled user dll's ...
Registered in 0.001613 seconds.
Begin MonoManager ReloadAssembly
Native extension for WindowsStandalone target not found
Refreshing native plugins compatible for Editor in 0.35 ms, found 1 plugins.
Preloading 0 native plugins for Editor in 0.00 ms.
Mono: successfully reloaded assembly
- Completed reload, in  1.096 seconds
Platform modules already initialized, skipping
Refreshing native plugins compatible for Editor in 0.69 ms, found 1 plugins.
Preloading 0 native plugins for Editor in 0.00 ms.
Unloading 1811 Unused Serialized files (Serialized files now loaded: 0)
System memory in use before: 90.7 MB.
System memory in use after: 90.8 MB.

Unloading 7 unused Assets to reduce memory usage. Loaded Objects now: 2321.
Total: 2.454800 ms (FindLiveObjects: 0.427300 ms CreateObjectMapping: 0.163200 ms MarkObjects: 1.847900 ms  DeleteObjects: 0.014800 ms)

========================================================================
Received Prepare
Registering precompiled user dll's ...
Registered in 0.001336 seconds.
Begin MonoManager ReloadAssembly
Native extension for WindowsStandalone target not found
Refreshing native plugins compatible for Editor in 0.57 ms, found 1 plugins.
Preloading 0 native plugins for Editor in 0.00 ms.
Mono: successfully reloaded assembly
- Completed reload, in  0.967 seconds
Platform modules already initialized, skipping
Refreshing native plugins compatible for Editor in 0.61 ms, found 1 plugins.
Preloading 0 native plugins for Editor in 0.00 ms.
Unloading 1811 Unused Serialized files (Serialized files now loaded: 0)
System memory in use before: 90.7 MB.
System memory in use after: 90.8 MB.

Unloading 7 unused Assets to reduce memory usage. Loaded Objects now: 2325.
Total: 2.551000 ms (FindLiveObjects: 0.298900 ms CreateObjectMapping: 0.101500 ms MarkObjects: 2.131600 ms  DeleteObjects: 0.017700 ms)

========================================================================
Received Prepare
Registering precompiled user dll's ...
Registered in 0.001778 seconds.
Begin MonoManager ReloadAssembly
Native extension for WindowsStandalone target not found
Refreshing native plugins compatible for Editor in 2.19 ms, found 1 plugins.
Preloading 0 native plugins for Editor in 0.00 ms.
Mono: successfully reloaded assembly
- Completed reload, in  3.303 seconds
Platform modules already initialized, skipping
Refreshing native plugins compatible for Editor in 0.89 ms, found 1 plugins.
Preloading 0 native plugins for Editor in 0.00 ms.
Unloading 1811 Unused Serialized files (Serialized files now loaded: 0)
System memory in use before: 90.7 MB.
System memory in use after: 90.8 MB.

Unloading 7 unused Assets to reduce memory usage. Loaded Objects now: 2329.
Total: 7.360100 ms (FindLiveObjects: 0.564600 ms CreateObjectMapping: 1.170200 ms MarkObjects: 5.598800 ms  DeleteObjects: 0.024600 ms)

========================================================================
Received Prepare
Registering precompiled user dll's ...
Registered in 0.001809 seconds.
Begin MonoManager ReloadAssembly
Native extension for WindowsStandalone target not found
Refreshing native plugins compatible for Editor in 0.85 ms, found 1 plugins.
Preloading 0 native plugins for Editor in 0.00 ms.
Mono: successfully reloaded assembly
- Completed reload, in  1.681 seconds
Platform modules already initialized, skipping
Refreshing native plugins compatible for Editor in 1.26 ms, found 1 plugins.
Preloading 0 native plugins for Editor in 0.00 ms.
Unloading 1811 Unused Serialized files (Serialized files now loaded: 0)
System memory in use before: 90.7 MB.
System memory in use after: 90.9 MB.

Unloading 7 unused Assets to reduce memory usage. Loaded Objects now: 2333.
Total: 3.108500 ms (FindLiveObjects: 0.326100 ms CreateObjectMapping: 0.146600 ms MarkObjects: 2.599500 ms  DeleteObjects: 0.034400 ms)

========================================================================
Received Prepare
Registering precompiled user dll's ...
Registered in 0.001181 seconds.
Begin MonoManager ReloadAssembly
Native extension for WindowsStandalone target not found
Refreshing native plugins compatible for Editor in 0.60 ms, found 1 plugins.
Preloading 0 native plugins for Editor in 0.00 ms.
Mono: successfully reloaded assembly
- Completed reload, in  0.970 seconds
Platform modules already initialized, skipping
Refreshing native plugins compatible for Editor in 0.64 ms, found 1 plugins.
Preloading 0 native plugins for Editor in 0.00 ms.
Unloading 1811 Unused Serialized files (Serialized files now loaded: 0)
System memory in use before: 90.7 MB.
System memory in use after: 90.9 MB.

Unloading 7 unused Assets to reduce memory usage. Loaded Objects now: 2337.
Total: 3.257200 ms (FindLiveObjects: 0.349200 ms CreateObjectMapping: 0.140300 ms MarkObjects: 2.742600 ms  DeleteObjects: 0.023400 ms)

AssetImportWorkerClient::OnTransportError - code=2 error=End of file
